# JRE version: OpenJDK Runtime Environment (8.0_152-b01) (build 1.8.0_152-release-915-b01)
# Java VM: OpenJDK 64-Bit Server VM (25.152-b01 mixed mode windows-amd64 compressed oops)
Heap:
 PSYoungGen      total 137728K, used 123149K [0x00000000e0000000, 0x00000000e9600000, 0x0000000100000000)
  eden space 125440K, 89% used [0x00000000e0000000,0x00000000e6d8abc0,0x00000000e7a80000)
  from space 12288K, 89% used [0x00000000e8780000,0x00000000e9238ac8,0x00000000e9380000)
  to   space 13312K, 0% used [0x00000000e7a80000,0x00000000e7a80000,0x00000000e8780000)
 ParOldGen       total 57344K, used 16257K [0x00000000a0000000, 0x00000000a3800000, 0x00000000e0000000)
  object space 57344K, 28% used [0x00000000a0000000,0x00000000a0fe0518,0x00000000a3800000)
 Metaspace       used 49269K, capacity 50640K, committed 50776K, reserved 1093632K
  class space    used 6590K, capacity 7006K, committed 7040K, reserved 1048576K
GC Heap History (10 events):
Event: 97.605 GC heap before
{Heap before GC invocations=8 (full 1):
 PSYoungGen      total 72192K, used 64512K [0x00000000e0000000, 0x00000000e5100000, 0x0000000100000000)
  eden space 64512K, 100% used [0x00000000e0000000,0x00000000e3f00000,0x00000000e3f00000)
  from space 7680K, 0% used [0x00000000e4780000,0x00000000e4780000,0x00000000e4f00000)
  to   space 8704K, 0% used [0x00000000e3f00000,0x00000000e3f00000,0x00000000e4780000)
 ParOldGen       total 41472K, used 13193K [0x00000000a0000000, 0x00000000a2880000, 0x00000000e0000000)
  object space 41472K, 31% used [0x00000000a0000000,0x00000000a0ce27a0,0x00000000a2880000)
 Metaspace       used 25565K, capacity 26022K, committed 26240K, reserved 1071104K
  class space    used 3533K, capacity 3682K, committed 3712K, reserved 1048576K
Event: 97.698 GC heap after
Heap after GC invocations=8 (full 1):
 PSYoungGen      total 73216K, used 6606K [0x00000000e0000000, 0x00000000e7400000, 0x0000000100000000)
  eden space 64512K, 0% used [0x00000000e0000000,0x00000000e0000000,0x00000000e3f00000)
  from space 8704K, 75% used [0x00000000e3f00000,0x00000000e4573be8,0x00000000e4780000)
  to   space 9216K, 0% used [0x00000000e6b00000,0x00000000e6b00000,0x00000000e7400000)
 ParOldGen       total 41472K, used 13201K [0x00000000a0000000, 0x00000000a2880000, 0x00000000e0000000)
  object space 41472K, 31% used [0x00000000a0000000,0x00000000a0ce47a0,0x00000000a2880000)
 Metaspace       used 25565K, capacity 26022K, committed 26240K, reserved 1071104K
  class space    used 3533K, capacity 3682K, committed 3712K, reserved 1048576K
}
Event: 117.300 GC heap before
{Heap before GC invocations=9 (full 1):
 PSYoungGen      total 73216K, used 71118K [0x00000000e0000000, 0x00000000e7400000, 0x0000000100000000)
  eden space 64512K, 100% used [0x00000000e0000000,0x00000000e3f00000,0x00000000e3f00000)
  from space 8704K, 75% used [0x00000000e3f00000,0x00000000e4573be8,0x00000000e4780000)
  to   space 9216K, 0% used [0x00000000e6b00000,0x00000000e6b00000,0x00000000e7400000)
 ParOldGen       total 41472K, used 13201K [0x00000000a0000000, 0x00000000a2880000, 0x00000000e0000000)
  object space 41472K, 31% used [0x00000000a0000000,0x00000000a0ce47a0,0x00000000a2880000)
 Metaspace       used 31245K, capacity 31926K, committed 32000K, reserved 1077248K
  class space    used 4313K, capacity 4584K, committed 4608K, reserved 1048576K
Event: 117.417 GC heap after
Heap after GC invocations=9 (full 1):
 PSYoungGen      total 107520K, used 9184K [0x00000000e0000000, 0x00000000e7500000, 0x0000000100000000)
  eden space 98304K, 0% used [0x00000000e0000000,0x00000000e0000000,0x00000000e6000000)
  from space 9216K, 99% used [0x00000000e6b00000,0x00000000e73f8280,0x00000000e7400000)
  to   space 10752K, 0% used [0x00000000e6000000,0x00000000e6000000,0x00000000e6a80000)
 ParOldGen       total 41472K, used 13795K [0x00000000a0000000, 0x00000000a2880000, 0x00000000e0000000)
  object space 41472K, 33% used [0x00000000a0000000,0x00000000a0d78d70,0x00000000a2880000)
 Metaspace       used 31245K, capacity 31926K, committed 32000K, reserved 1077248K
  class space    used 4313K, capacity 4584K, committed 4608K, reserved 1048576K
}
Event: 184.191 GC heap before
{Heap before GC invocations=10 (full 1):
 PSYoungGen      total 107520K, used 78520K [0x00000000e0000000, 0x00000000e7500000, 0x0000000100000000)
  eden space 98304K, 70% used [0x00000000e0000000,0x00000000e43b5ea0,0x00000000e6000000)
  from space 9216K, 99% used [0x00000000e6b00000,0x00000000e73f8280,0x00000000e7400000)
  to   space 10752K, 0% used [0x00000000e6000000,0x00000000e6000000,0x00000000e6a80000)
 ParOldGen       total 41472K, used 13795K [0x00000000a0000000, 0x00000000a2880000, 0x00000000e0000000)
  object space 41472K, 33% used [0x00000000a0000000,0x00000000a0d78d70,0x00000000a2880000)
 Metaspace       used 34533K, capacity 35380K, committed 35416K, reserved 1079296K
  class space    used 4694K, capacity 4974K, committed 4992K, reserved 1048576K
Event: 184.380 GC heap after
Heap after GC invocations=10 (full 1):
 PSYoungGen      total 109056K, used 10279K [0x00000000e0000000, 0x00000000e9380000, 0x0000000100000000)
  eden space 98304K, 0% used [0x00000000e0000000,0x00000000e0000000,0x00000000e6000000)
  from space 10752K, 95% used [0x00000000e6000000,0x00000000e6a09c88,0x00000000e6a80000)
  to   space 12288K, 0% used [0x00000000e8780000,0x00000000e8780000,0x00000000e9380000)
 ParOldGen       total 41472K, used 13867K [0x00000000a0000000, 0x00000000a2880000, 0x00000000e0000000)
  object space 41472K, 33% used [0x00000000a0000000,0x00000000a0d8ad80,0x00000000a2880000)
 Metaspace       used 34533K, capacity 35380K, committed 35416K, reserved 1079296K
  class space    used 4694K, capacity 4974K, committed 4992K, reserved 1048576K
}
Event: 184.381 GC heap before
{Heap before GC invocations=11 (full 2):
 PSYoungGen      total 109056K, used 10279K [0x00000000e0000000, 0x00000000e9380000, 0x0000000100000000)
  eden space 98304K, 0% used [0x00000000e0000000,0x00000000e0000000,0x00000000e6000000)
  from space 10752K, 95% used [0x00000000e6000000,0x00000000e6a09c88,0x00000000e6a80000)
  to   space 12288K, 0% used [0x00000000e8780000,0x00000000e8780000,0x00000000e9380000)
 ParOldGen       total 41472K, used 13867K [0x00000000a0000000, 0x00000000a2880000, 0x00000000e0000000)
  object space 41472K, 33% used [0x00000000a0000000,0x00000000a0d8ad80,0x00000000a2880000)
 Metaspace       used 34533K, capacity 35380K, committed 35416K, reserved 1079296K
  class space    used 4694K, capacity 4974K, committed 4992K, reserved 1048576K
Event: 185.383 GC heap after
Heap after GC invocations=11 (full 2):
 PSYoungGen      total 109056K, used 0K [0x00000000e0000000, 0x00000000e9380000, 0x0000000100000000)
  eden space 98304K, 0% used [0x00000000e0000000,0x00000000e0000000,0x00000000e6000000)
  from space 10752K, 0% used [0x00000000e6000000,0x00000000e6000000,0x00000000e6a80000)
  to   space 12288K, 0% used [0x00000000e8780000,0x00000000e8780000,0x00000000e9380000)
 ParOldGen       total 57344K, used 16249K [0x00000000a0000000, 0x00000000a3800000, 0x00000000e0000000)
  object space 57344K, 28% used [0x00000000a0000000,0x00000000a0fde518,0x00000000a3800000)
 Metaspace       used 34533K, capacity 35380K, committed 35416K, reserved 1079296K
  class space    used 4694K, capacity 4974K, committed 4992K, reserved 1048576K
}
Event: 203.816 GC heap before
{Heap before GC invocations=12 (full 2):
 PSYoungGen      total 109056K, used 98304K [0x00000000e0000000, 0x00000000e9380000, 0x0000000100000000)
  eden space 98304K, 100% used [0x00000000e0000000,0x00000000e6000000,0x00000000e6000000)
  from space 10752K, 0% used [0x00000000e6000000,0x00000000e6000000,0x00000000e6a80000)
  to   space 12288K, 0% used [0x00000000e8780000,0x00000000e8780000,0x00000000e9380000)
 ParOldGen       total 57344K, used 16249K [0x00000000a0000000, 0x00000000a3800000, 0x00000000e0000000)
  object space 57344K, 28% used [0x00000000a0000000,0x00000000a0fde518,0x00000000a3800000)
 Metaspace       used 41995K, capacity 42980K, committed 43096K, reserved 1087488K
  class space    used 5597K, capacity 5917K, committed 6016K, reserved 1048576K
Event: 204.011 GC heap after
Heap after GC invocations=12 (full 2):
 PSYoungGen      total 137728K, used 10978K [0x00000000e0000000, 0x00000000e9600000, 0x0000000100000000)
  eden space 125440K, 0% used [0x00000000e0000000,0x00000000e0000000,0x00000000e7a80000)
  from space 12288K, 89% used [0x00000000e8780000,0x00000000e9238ac8,0x00000000e9380000)
  to   space 13312K, 0% used [0x00000000e7a80000,0x00000000e7a80000,0x00000000e8780000)
 ParOldGen       total 57344K, used 16257K [0x00000000a0000000, 0x00000000a3800000, 0x00000000e0000000)
  object space 57344K, 28% used [0x00000000a0000000,0x00000000a0fe0518,0x00000000a3800000)
 Metaspace       used 41995K, capacity 42980K, committed 43096K, reserved 1087488K
  class space    used 5597K, capacity 5917K, committed 6016K, reserved 1048576K
}

